\BOOKMARK [0][-]{chapter.1}{\376\377\004\036\004\061\004\111\004\060\004\117\000\040\004\102\004\076\004\077\004\076\004\073\004\076\004\063\004\070\004\117}{}% 1
\BOOKMARK [1][-]{paragraph.1.1.0.0.1}{\376\377\004\042\004\076\004\077\004\076\004\073\004\076\004\063\004\070\004\117\000.\000\040\004\036\004\101\004\075\004\076\004\062\004\075\004\113\004\065\000\040\004\077\004\076\004\075\004\117\004\102\004\070\004\117}{chapter.1}% 2
\BOOKMARK [2][-]{subsection.1.1.1}{\376\377\004\037\004\065\004\100\004\062\004\070\004\107\004\075\004\076\004\065\000\040\004\076\004\077\004\100\004\065\004\064\004\065\004\073\004\065\004\075\004\070\004\065}{paragraph.1.1.0.0.1}% 3
\BOOKMARK [2][-]{subsection.1.1.2}{\376\377\004\040\004\060\004\101\004\101\004\103\004\066\004\064\004\065\004\075\004\070\004\065\000\040\004\076\000\040\004\102\004\070\004\077\004\060\004\105\000\040\004\074\004\075\004\076\004\066\004\065\004\101\004\102\004\062}{paragraph.1.1.0.0.1}% 4
\BOOKMARK [2][-]{subsection.1.1.3}{\376\377\004\030\004\065\004\100\004\060\004\100\004\105\004\070\004\117\000\040\004\102\004\076\004\077\004\076\004\073\004\076\004\063\004\070\004\071}{paragraph.1.1.0.0.1}% 5
\BOOKMARK [2][-]{subsection.1.1.4}{\376\377\004\027\004\060\004\064\004\060\004\107\004\070\000\040\004\070\000\040\004\103\004\077\004\100\004\060\004\066\004\075\004\065\004\075\004\070\004\117}{paragraph.1.1.0.0.1}% 6
\BOOKMARK [1][-]{paragraph.1.2.0.0.1}{\376\377\004\021\004\060\004\067\004\060\000\040\004\102\004\076\004\077\004\076\004\073\004\076\004\063\004\070\004\070}{chapter.1}% 7
\BOOKMARK [2][-]{subsection.1.2.1}{\376\377\004\036\004\077\004\100\004\065\004\064\004\065\004\073\004\065\004\075\004\070\004\065}{paragraph.1.2.0.0.1}% 8
\BOOKMARK [2][-]{subsection.1.2.2}{\376\377\004\027\004\060\004\064\004\060\004\107\004\070\000\040\004\070\000\040\004\103\004\077\004\100\004\060\004\066\004\075\004\065\004\075\004\070\004\117}{paragraph.1.2.0.0.1}% 9
\BOOKMARK [1][-]{paragraph.1.3.0.0.1}{\376\377\004\042\004\076\004\077\004\076\004\073\004\076\004\063\004\070\004\117\000\040\004\077\004\100\004\076\004\070\004\067\004\062\004\065\004\064\004\065\004\075\004\070\004\117\000,\000\040\004\077\004\076\004\064\004\077\004\100\004\076\004\101\004\102\004\100\004\060\004\075\004\101\004\102\004\062\004\076}{chapter.1}% 10
\BOOKMARK [2][-]{subsection.1.3.1}{\376\377\004\042\004\076\004\077\004\076\004\073\004\076\004\063\004\070\004\117\000\040\004\077\004\076\004\064\004\077\004\100\004\076\004\101\004\102\004\100\004\060\004\075\004\101\004\102\004\062\004\060}{paragraph.1.3.0.0.1}% 11
\BOOKMARK [2][-]{subsection.1.3.2}{\376\377\004\042\004\076\004\077\004\076\004\073\004\076\004\063\004\070\004\117\000\040\004\072\004\076\004\100\004\076\004\061\004\072\004\070}{paragraph.1.3.0.0.1}% 12
\BOOKMARK [2][-]{subsection.1.3.3}{\376\377\004\027\004\060\004\064\004\060\004\107\004\070\000\040\004\070\000\040\004\103\004\077\004\100\004\060\004\066\004\075\004\065\004\075\004\070\004\117}{paragraph.1.3.0.0.1}% 13
\BOOKMARK [1][-]{paragraph.1.4.0.0.1}{\376\377\004\042\004\076\004\107\004\072\004\070\000\040\004\074\004\075\004\076\004\066\004\065\004\101\004\102\004\062\004\060}{chapter.1}% 14
\BOOKMARK [2][-]{subsection.1.4.1}{\376\377\004\042\004\076\004\107\004\072\004\060\000\040\004\076\004\102\004\075\004\076\004\101\004\070\004\102\004\065\004\073\004\114\004\075\004\076\000\040\004\074\004\075\004\076\004\066\004\065\004\101\004\102\004\062\004\060}{paragraph.1.4.0.0.1}% 15
\BOOKMARK [2][-]{subsection.1.4.2}{\376\377\004\036\004\077\004\065\004\100\004\060\004\106\004\070\004\070\000\040\004\075\004\060\000\040\004\074\004\075\004\076\004\066\004\065\004\101\004\102\004\062\004\060\004\105}{paragraph.1.4.0.0.1}% 16
\BOOKMARK [2][-]{subsection.1.4.3}{\376\377\004\022\004\101\004\116\004\064\004\103\000\040\004\077\004\073\004\076\004\102\004\075\004\076\004\065\000\040\004\070\000\040\004\075\004\070\004\063\004\064\004\065\000\040\004\075\004\065\000\040\004\077\004\073\004\076\004\102\004\075\004\076\004\065\000\040\004\074\004\075\004\076\004\066\004\065\004\101\004\102\004\062\004\076}{paragraph.1.4.0.0.1}% 17
\BOOKMARK [2][-]{subsection.1.4.4}{\376\377\004\027\004\060\004\064\004\060\004\107\004\070\000\040\004\070\000\040\004\103\004\077\004\100\004\060\004\066\004\075\004\065\004\075\004\070\004\117}{paragraph.1.4.0.0.1}% 18
\BOOKMARK [1][-]{paragraph.1.5.0.0.1}{\376\377\004\020\004\072\004\101\004\070\004\076\004\074\004\113\000\040\004\102\004\076\004\077\004\076\004\073\004\076\004\063\004\070\004\070}{chapter.1}% 19
\BOOKMARK [2][-]{subsection.1.5.1}{\376\377\004\020\004\072\004\101\004\070\004\076\004\074\004\113\000\040\004\076\004\102\004\064\004\065\004\073\004\070\004\074\004\076\004\101\004\102\004\070}{paragraph.1.5.0.0.1}% 20
\BOOKMARK [2][-]{subsection.1.5.2}{\376\377\004\020\004\072\004\101\004\070\004\076\004\074\004\113\000\040\004\101\004\107\004\121\004\102\004\075\004\076\004\101\004\102\004\070}{paragraph.1.5.0.0.1}% 21
\BOOKMARK [1][-]{paragraph.1.6.0.0.1}{\376\377\004\036\004\102\004\076\004\061\004\100\004\060\004\066\004\065\004\075\004\070\004\117\000\040\004\074\004\065\004\066\004\064\004\103\000\040\004\102\004\076\004\077\004\076\004\073\004\076\004\063\004\070\004\107\004\065\004\101\004\072\004\070\004\074\004\070\000\040\004\077\004\100\004\076\004\101\004\102\004\100\004\060\004\075\004\101\004\102\004\062\004\060\004\074\004\070}{chapter.1}% 22
\BOOKMARK [2][-]{subsection.1.6.1}{\376\377\004\036\004\077\004\100\004\065\004\064\004\065\004\073\004\065\004\075\004\070\004\117\000\040\004\075\004\065\004\077\004\100\004\065\004\100\004\113\004\062\004\075\004\076\004\063\004\076\000\040\004\076\004\102\004\076\004\061\004\100\004\060\004\066\004\065\004\075\004\070\004\117}{paragraph.1.6.0.0.1}% 23
\BOOKMARK [2][-]{subsection.1.6.2}{\376\377\004\036\004\102\004\072\004\100\004\113\004\102\004\076\004\065\000\040\004\070\000\040\004\067\004\060\004\074\004\072\004\075\004\103\004\102\004\076\004\065\000\040\004\076\004\102\004\076\004\061\004\100\004\060\004\066\004\065\004\075\004\070\004\065}{paragraph.1.6.0.0.1}% 24
\BOOKMARK [2][-]{subsection.1.6.3}{\376\377\004\023\004\076\004\074\004\065\004\076\004\074\004\076\004\100\004\104\004\070\004\067\004\074}{paragraph.1.6.0.0.1}% 25
\BOOKMARK [2][-]{subsection.1.6.4}{\376\377\004\037\004\100\004\070\004\074\004\065\004\100\004\113\000\040\004\063\004\076\004\074\004\065\004\076\004\074\004\076\004\100\004\104\004\075\004\113\004\105\000\040\004\077\004\100\004\076\004\101\004\102\004\100\004\060\004\075\004\101\004\102\004\062}{paragraph.1.6.0.0.1}% 26
\BOOKMARK [2][-]{subsection.1.6.5}{\376\377\004\027\004\060\004\064\004\060\004\107\004\070\000\040\004\070\000\040\004\103\004\077\004\100\004\060\004\066\004\075\004\065\004\075\004\070\004\117}{paragraph.1.6.0.0.1}% 27
\BOOKMARK [1][-]{paragraph.1.7.0.0.1}{\376\377\004\032\004\076\004\074\004\077\004\060\004\072\004\102\004\075\004\076\004\065\000\040\004\077\004\100\004\076\004\101\004\102\004\100\004\060\004\075\004\101\004\102\004\062\004\076}{chapter.1}% 28
\BOOKMARK [2][-]{subsection.1.7.1}{\376\377\004\042\004\076\004\077\004\076\004\073\004\076\004\063\004\070\004\107\004\065\004\101\004\072\004\076\004\065\000\040\004\076\004\077\004\100\004\065\004\064\004\065\004\073\004\065\004\075\004\070\004\065}{paragraph.1.7.0.0.1}% 29
\BOOKMARK [2][-]{subsection.1.7.2}{\376\377\004\036\004\077\004\100\004\065\004\064\004\065\004\073\004\065\004\075\004\070\004\065\000\040\004\062\000\040\004\074\004\065\004\102\004\100\004\070\004\107\004\065\004\101\004\072\004\076\004\074\000\040\004\077\004\100\004\076\004\101\004\102\004\100\004\060\004\075\004\101\004\102\004\062\004\065}{paragraph.1.7.0.0.1}% 30
\BOOKMARK [2][-]{subsection.1.7.3}{\376\377\004\041\004\062\004\117\004\067\004\114\000\040\004\072\004\076\004\074\004\077\004\060\004\072\004\102\004\075\004\076\004\101\004\102\004\070\000\040\004\070\000\040\004\075\004\065\004\077\004\100\004\065\004\100\004\113\004\062\004\075\004\113\004\105\000\040\004\076\004\102\004\076\004\061\004\100\004\060\004\066\004\065\004\075\004\070\004\071}{paragraph.1.7.0.0.1}% 31
\BOOKMARK [2][-]{subsection.1.7.4}{\376\377\004\037\004\076\004\101\004\073\004\065\004\064\004\076\004\062\004\060\004\102\004\065\004\073\004\114\004\075\004\076\004\101\004\102\004\070\000\040\004\070\000\040\004\101\004\065\004\072\004\062\004\065\004\075\004\106\004\070\004\060\004\073\004\114\004\075\004\060\004\117\000\040\004\072\004\076\004\074\004\077\004\060\004\072\004\102\004\075\004\076\004\101\004\102\004\114}{paragraph.1.7.0.0.1}% 32
\BOOKMARK [2][-]{subsection.1.7.5}{\376\377\004\032\004\076\004\074\004\077\004\060\004\072\004\102\004\070\004\104\004\070\004\072\004\060\004\106\004\070\004\117\000\040\004\020\004\073\004\065\004\072\004\101\004\060\004\075\004\064\004\100\004\076\004\062\004\060}{paragraph.1.7.0.0.1}% 33
\BOOKMARK [2][-]{subsection.1.7.6}{\376\377\004\027\004\060\004\064\004\060\004\107\004\070\000\040\004\070\000\040\004\103\004\077\004\100\004\060\004\066\004\075\004\065\004\075\004\070\004\117}{paragraph.1.7.0.0.1}% 34
\BOOKMARK [1][-]{paragraph.1.8.0.0.1}{\376\377\004\044\004\060\004\072\004\102\004\076\004\100\004\077\004\100\004\076\004\101\004\102\004\100\004\060\004\075\004\101\004\102\004\062\004\060}{chapter.1}% 35
\BOOKMARK [2][-]{subsection.1.8.1}{\376\377\004\042\004\065\004\076\004\100\004\065\004\102\004\070\004\072\004\076\000-\004\074\004\075\004\076\004\066\004\065\004\101\004\102\004\062\004\065\004\075\004\075\004\076\004\065\000\040\004\076\004\102\004\101\004\102\004\103\004\077\004\073\004\065\004\075\004\070\004\065}{paragraph.1.8.0.0.1}% 36
\BOOKMARK [2][-]{subsection.1.8.2}{\376\377\004\044\004\060\004\072\004\102\004\076\004\100\004\102\004\076\004\077\004\076\004\073\004\076\004\063\004\070\004\117}{paragraph.1.8.0.0.1}% 37
\BOOKMARK [2][-]{subsection.1.8.3}{\376\377\004\037\004\076\004\101\004\102\004\100\004\076\004\065\004\075\004\070\004\065\000\040\004\104\004\070\004\063\004\103\004\100}{paragraph.1.8.0.0.1}% 38
\BOOKMARK [2][-]{subsection.1.8.4}{\376\377\004\024\004\065\004\071\004\101\004\102\004\062\004\070\004\065\000\040\004\063\004\100\004\103\004\077\004\077\004\113}{paragraph.1.8.0.0.1}% 39
\BOOKMARK [1][-]{paragraph.1.9.0.0.1}{\376\377\004\041\004\062\004\117\004\067\004\075\004\076\004\101\004\102\004\114\000\040\004\070\000\040\004\073\004\070\004\075\004\065\004\071\004\075\004\060\004\117\000\040\004\101\004\062\004\117\004\067\004\075\004\076\004\101\004\102\004\114}{chapter.1}% 40
\BOOKMARK [2][-]{subsection.1.9.1}{\376\377\004\041\004\062\004\117\004\067\004\075\004\076\004\101\004\102\004\114}{paragraph.1.9.0.0.1}% 41
\BOOKMARK [2][-]{subsection.1.9.2}{\376\377\004\033\004\070\004\075\004\065\004\071\004\075\004\060\004\117\000\040\004\101\004\062\004\117\004\067\004\075\004\076\004\101\004\102\004\114}{paragraph.1.9.0.0.1}% 42
\BOOKMARK [2][-]{subsection.1.9.3}{\376\377\004\027\004\060\004\064\004\060\004\107\004\070\000\040\004\070\000\040\004\103\004\077\004\100\004\060\004\066\004\075\004\065\004\075\004\070\004\117}{paragraph.1.9.0.0.1}% 43
\BOOKMARK [1][-]{paragraph.1.10.0.0.1}{\376\377\004\037\004\100\004\076\004\065\004\072\004\102\004\070\004\062\004\075\004\076\004\065\000\040\004\077\004\100\004\076\004\101\004\102\004\100\004\060\004\075\004\101\004\102\004\062\004\076}{chapter.1}% 44
\BOOKMARK [2][-]{subsection.1.10.1}{\376\377\004\036\004\077\004\100\004\065\004\064\004\065\004\073\004\065\004\075\004\070\004\065\000\040\004\107\004\065\004\100\004\065\004\067\000\040\004\104\004\060\004\072\004\102\004\076\004\100\004\070\004\067\004\060\004\106\004\070\004\116}{paragraph.1.10.0.0.1}% 45
\BOOKMARK [2][-]{subsection.1.10.2}{\376\377\004\036\004\064\004\075\004\076\004\100\004\076\004\064\004\075\004\113\004\065\000\040\004\072\004\076\004\076\004\100\004\064\004\070\004\075\004\060\004\102\004\113}{paragraph.1.10.0.0.1}% 46
\BOOKMARK [2][-]{subsection.1.10.3}{\376\377\004\027\004\060\004\064\004\060\004\107\004\070\000\040\004\070\000\040\004\103\004\077\004\100\004\060\004\066\004\075\004\065\004\075\004\070}{paragraph.1.10.0.0.1}% 47
